<?xml version="1.0" encoding="UTF-8"?>
<beans xmlns="http://www.springframework.org/schema/beans"
       xmlns:xsi="http://www.w3.org/2001/XMLSchema-instance"
       xmlns:context="http://www.springframework.org/schema/context"
       xsi:schemaLocation="http://www.springframework.org/schema/beans
                           http://www.springframework.org/schema/beans/spring-beans-3.2.xsd
                           http://www.springframework.org/schema/context
                           http://www.springframework.org/schema/context/spring-context-3.2.xsd">

    <context:annotation-config/>
    <context:component-scan base-package="ua.com.juja.eugene.sqlcmd"/>

    <bean id="service" class="ua.com.juja.eugene.sqlcmd.service.DatabaseService">
        <lookup-method name="getDatabaseManager" bean="manager"/>

        <property name="databaseCommands">
            <list>
                <value>Create table</value>
                <value>Create entry</value>
                <value>Create table</value>
                <value>Drop table</value>
                <value>Tables</value>
                <value>Update</value>
                <value>Disconnect</value>
                <value>Help</value>
            </list>
        </property>

        <property name="serverCommands">
            <list>
                <value>Connect to database</value>
                <value>Create database</value>
                <value>Drop database</value>
                <value>Help</value>
            </list>
        </property>
    </bean>

    <bean id="manager" class="org.mockito.Mockito" factory-method="mock">
        <constructor-arg value="ua.com.juja.eugene.sqlcmd.model.databasemanager.DatabaseManager"/>
    </bean>
</beans>
